Build started 12/31/2011 10:08:01 PM.
     1>Project "C:\Users\Mohamed Ghanem\Documents\Visual Studio 2010\Projects\pacman\pacman\pacman.vcxproj" on node 2 (build target(s)).
     1>InitializeBuildStatus:
         Creating "Debug\pacman.unsuccessfulbuild" because "AlwaysCreate" was specified.
       ClCompile:
         c:\Program Files\Microsoft Visual Studio 10.0\VC\bin\CL.exe /c /ZI /nologo /W3 /WX- /Od /Oy- /D WIN32 /D _DEBUG /D _CONSOLE /D _UNICODE /D UNICODE /Gm /EHsc /RTC1 /MDd /GS /fp:precise /Zc:wchar_t /Zc:forScope /Fo"Debug\\" /Fd"Debug\vc100.pdb" /Gd /TP /analyze- /errorReport:prompt game.cpp
         game.cpp
     1>c:\users\mohamed ghanem\documents\visual studio 2010\projects\pacman\pacman\game.cpp(68): warning C4018: '<' : signed/unsigned mismatch
       ManifestResourceCompile:
         All outputs are up-to-date.
       Link:
         c:\Program Files\Microsoft Visual Studio 10.0\VC\bin\link.exe /ERRORREPORT:PROMPT /OUT:"C:\Users\Mohamed Ghanem\Documents\Visual Studio 2010\Projects\pacman\Debug\pacman.exe" /INCREMENTAL /NOLOGO glut32.lib kernel32.lib user32.lib gdi32.lib winspool.lib comdlg32.lib advapi32.lib shell32.lib ole32.lib oleaut32.lib uuid.lib odbc32.lib odbccp32.lib kernel32.lib user32.lib gdi32.lib winspool.lib comdlg32.lib advapi32.lib shell32.lib ole32.lib oleaut32.lib uuid.lib odbc32.lib odbccp32.lib /MANIFEST /ManifestFile:"Debug\pacman.exe.intermediate.manifest" /MANIFESTUAC:"level='asInvoker' uiAccess='false'" /DEBUG /PDB:"C:\Users\Mohamed Ghanem\Documents\Visual Studio 2010\Projects\pacman\Debug\pacman.pdb" /SUBSYSTEM:CONSOLE /TLBID:1 /DYNAMICBASE /NXCOMPAT /IMPLIB:"C:\Users\Mohamed Ghanem\Documents\Visual Studio 2010\Projects\pacman\Debug\pacman.lib" /MACHINE:X86 Debug\pacman.exe.embed.manifest.res
         Debug\game.obj
       Manifest:
         C:\Program Files\Microsoft SDKs\Windows\v7.0A\bin\mt.exe /nologo /verbose /out:"Debug\pacman.exe.embed.manifest" /manifest Debug\pacman.exe.intermediate.manifest
         All outputs are up-to-date.
       LinkEmbedManifest:
         All outputs are up-to-date.
         pacman.vcxproj -> C:\Users\Mohamed Ghanem\Documents\Visual Studio 2010\Projects\pacman\Debug\pacman.exe
       FinalizeBuildStatus:
         Deleting file "Debug\pacman.unsuccessfulbuild".
         Touching "Debug\pacman.lastbuildstate".
     1>Done Building Project "C:\Users\Mohamed Ghanem\Documents\Visual Studio 2010\Projects\pacman\pacman\pacman.vcxproj" (build target(s)).

Build succeeded.

Time Elapsed 00:00:02.05
