C:\USERS\MOHAMED GHANEM\DOCUMENTS\VISUAL STUDIO 2010\PROJECTS\PACMAN\DEBUG\PACMAN.EXE
C:\USERS\MOHAMED GHANEM\DOCUMENTS\VISUAL STUDIO 2010\PROJECTS\PACMAN\DEBUG\PACMAN.ILK
C:\USERS\MOHAMED GHANEM\DOCUMENTS\VISUAL STUDIO 2010\PROJECTS\PACMAN\DEBUG\PACMAN.PDB
C:\Users\Mohamed Ghanem\Documents\Visual Studio 2010\Projects\pacman\pacman\Debug\cl.command.1.tlog
C:\Users\Mohamed Ghanem\Documents\Visual Studio 2010\Projects\pacman\pacman\Debug\CL.read.1.tlog
C:\Users\Mohamed Ghanem\Documents\Visual Studio 2010\Projects\pacman\pacman\Debug\CL.write.1.tlog
C:\USERS\MOHAMED GHANEM\DOCUMENTS\VISUAL STUDIO 2010\PROJECTS\PACMAN\PACMAN\DEBUG\GAME.OBJ
C:\Users\Mohamed Ghanem\Documents\Visual Studio 2010\Projects\pacman\pacman\Debug\link.4104.read.1.tlog
C:\Users\Mohamed Ghanem\Documents\Visual Studio 2010\Projects\pacman\pacman\Debug\link.4104.write.1.tlog
C:\Users\Mohamed Ghanem\Documents\Visual Studio 2010\Projects\pacman\pacman\Debug\link.4104-cvtres.read.1.tlog
C:\Users\Mohamed Ghanem\Documents\Visual Studio 2010\Projects\pacman\pacman\Debug\link.4104-cvtres.write.1.tlog
C:\Users\Mohamed Ghanem\Documents\Visual Studio 2010\Projects\pacman\pacman\Debug\link.command.1.tlog
C:\Users\Mohamed Ghanem\Documents\Visual Studio 2010\Projects\pacman\pacman\Debug\link.read.1.tlog
C:\Users\Mohamed Ghanem\Documents\Visual Studio 2010\Projects\pacman\pacman\Debug\link.write.1.tlog
C:\Users\Mohamed Ghanem\Documents\Visual Studio 2010\Projects\pacman\pacman\Debug\link-cvtres.read.1.tlog
C:\Users\Mohamed Ghanem\Documents\Visual Studio 2010\Projects\pacman\pacman\Debug\link-cvtres.write.1.tlog
C:\Users\Mohamed Ghanem\Documents\Visual Studio 2010\Projects\pacman\pacman\Debug\mt.command.1.tlog
C:\Users\Mohamed Ghanem\Documents\Visual Studio 2010\Projects\pacman\pacman\Debug\mt.read.1.tlog
C:\Users\Mohamed Ghanem\Documents\Visual Studio 2010\Projects\pacman\pacman\Debug\mt.write.1.tlog
C:\USERS\MOHAMED GHANEM\DOCUMENTS\VISUAL STUDIO 2010\PROJECTS\PACMAN\PACMAN\DEBUG\PACMAN.EXE.EMBED.MANIFEST
C:\USERS\MOHAMED GHANEM\DOCUMENTS\VISUAL STUDIO 2010\PROJECTS\PACMAN\PACMAN\DEBUG\PACMAN.EXE.EMBED.MANIFEST.RES
C:\USERS\MOHAMED GHANEM\DOCUMENTS\VISUAL STUDIO 2010\PROJECTS\PACMAN\PACMAN\DEBUG\PACMAN.EXE.INTERMEDIATE.MANIFEST
C:\Users\Mohamed Ghanem\Documents\Visual Studio 2010\Projects\pacman\pacman\Debug\pacman_manifest.rc
C:\Users\Mohamed Ghanem\Documents\Visual Studio 2010\Projects\pacman\pacman\Debug\rc.command.1.tlog
C:\Users\Mohamed Ghanem\Documents\Visual Studio 2010\Projects\pacman\pacman\Debug\rc.read.1.tlog
C:\Users\Mohamed Ghanem\Documents\Visual Studio 2010\Projects\pacman\pacman\Debug\rc.write.1.tlog
C:\Users\Mohamed Ghanem\Documents\Visual Studio 2010\Projects\pacman\pacman\Debug\vc100.idb
C:\USERS\MOHAMED GHANEM\DOCUMENTS\VISUAL STUDIO 2010\PROJECTS\PACMAN\PACMAN\DEBUG\VC100.PDB
